<?xml version="1.0" encoding="UTF-8"?>
<testsuite name="Authentication SauceLab site" tests="1" skipped="0" failures="0" errors="0" timestamp="2022-07-09T19:40:16" hostname="DESKTOP-9GI5CBC" time="23.661">
  <properties/>
  <testcase name="Successfully authenticate SauceLag" classname="Authentication SauceLab site" time="23.661"/>
  <system-out><![CDATA[]]></system-out>
  <system-err><![CDATA[jul 09, 2022 2:40:17 PM org.openqa.selenium.remote.DesiredCapabilities chrome
INFORMACIÓN: Using `new ChromeOptions()` is preferred to `DesiredCapabilities.chrome()`
Starting ChromeDriver 102.0.5005.61 (0e59bcc00cc4985ce39ad31c150065f159d95ad3-refs/branch-heads/5005@{#819}) on port 41907
Only local connections are allowed.
Please see https://chromedriver.chromium.org/security-considerations for suggestions on keeping ChromeDriver safe.
ChromeDriver was started successfully.
jul 09, 2022 2:40:22 PM org.openqa.selenium.remote.ProtocolHandshake createSession
INFORMACIÓN: Detected dialect: W3C
[Test worker] INFO net.thucydides.core.steps.ConsoleLoggingListener - 
        __    _____ _____ ____ _____   ____   _    ____  ____  _____ ____  
  _     \ \  |_   _| ____/ ___|_   _| |  _ \ / \  / ___|/ ___|| ____|  _ \ 
 (_)_____| |   | | |  _| \___ \ | |   | |_) / _ \ \___ \\___ \|  _| | | | |
  _|_____| |   | | | |___ ___) || |   |  __/ ___ \ ___) |___) | |___| |_| |
 (_)     | |   |_| |_____|____/ |_|   |_| /_/   \_\____/|____/|_____|____/ 
        /_/                                                                

TEST PASSED: Successfully authenticate SauceLag
----------------------------------------------------------------------------
]]></system-err>
</testsuite>
